[debug] [2021-08-03T14:13:32.677Z] ----------------------------------------------------------------------
[debug] [2021-08-03T14:13:32.679Z] Command:       C:\Program Files\nodejs\node.exe C:\Users\asaga\AppData\Roaming\npm\node_modules\firebase-tools\lib\bin\firebase.js init functions
[debug] [2021-08-03T14:13:32.679Z] CLI Version:   9.16.0
[debug] [2021-08-03T14:13:32.679Z] Platform:      win32
[debug] [2021-08-03T14:13:32.679Z] Node Version:  v14.15.5
[debug] [2021-08-03T14:13:32.680Z] Time:          Tue Aug 03 2021 23:13:32 GMT+0900 (日本標準時)
[debug] [2021-08-03T14:13:32.680Z] ----------------------------------------------------------------------
[debug] 
[debug] [2021-08-03T14:13:32.686Z] > command requires scopes: ["email","openid","https://www.googleapis.com/auth/cloudplatformprojects.readonly","https://www.googleapis.com/auth/firebase","https://www.googleapis.com/auth/cloud-platform"]
[debug] [2021-08-03T14:13:32.686Z] > authorizing via signed-in user (asagaorino@gmail.com)
[info] 
     ######## #### ########  ######## ########     ###     ######  ########
     ##        ##  ##     ## ##       ##     ##  ##   ##  ##       ##
     ######    ##  ########  ######   ########  #########  ######  ######
     ##        ##  ##    ##  ##       ##     ## ##     ##       ## ##
     ##       #### ##     ## ######## ########  ##     ##  ######  ########

You're about to initialize a Firebase project in this directory:

  C:\Users\asaga\Desktop\my_app\proaca-web

[info] 
=== Project Setup
[info] 
[info] First, let's associate this project directory with a Firebase project.
[info] You can create multiple project aliases by running firebase use --add, 
[info] but for now we'll just set up a default project.
[info] 
[debug] [2021-08-03T14:18:40.727Z] > refreshing access token with scopes: []
[debug] [2021-08-03T14:18:40.727Z] >>> HTTP REQUEST POST https://www.googleapis.com/oauth2/v3/token  
 <request body omitted>
[debug] [2021-08-03T14:18:40.747Z] Authentication Error: Your credentials are no longer valid. Please run firebase login --reauth

For CI servers and headless environments, generate a new token with firebase login:ci
[debug] [2021-08-03T14:18:40.753Z] FirebaseError: Authentication Error: Your credentials are no longer valid. Please run firebase login --reauth

For CI servers and headless environments, generate a new token with firebase login:ci
    at invalidCredentialError (C:\Users\asaga\AppData\Roaming\npm\node_modules\firebase-tools\lib\auth.js:141:12)
    at refreshTokens (C:\Users\asaga\AppData\Roaming\npm\node_modules\firebase-tools\lib\auth.js:448:15)
    at processTicksAndRejections (internal/process/task_queues.js:93:5)
    at async Client.getAccessToken (C:\Users\asaga\AppData\Roaming\npm\node_modules\firebase-tools\lib\apiv2.js:144:23)
    at async Client.addAuthHeader (C:\Users\asaga\AppData\Roaming\npm\node_modules\firebase-tools\lib\apiv2.js:135:21)
    at async Client.request (C:\Users\asaga\AppData\Roaming\npm\node_modules\firebase-tools\lib\apiv2.js:93:34)
    at async getProjectPage (C:\Users\asaga\AppData\Roaming\npm\node_modules\firebase-tools\lib\management\projects.js:233:17)
    at async getFirebaseProjectPage (C:\Users\asaga\AppData\Roaming\npm\node_modules\firebase-tools\lib\management\projects.js:250:23)
    at async selectProjectInteractively (C:\Users\asaga\AppData\Roaming\npm\node_modules\firebase-tools\lib\management\projects.js:95:41)
    at async Object.doSetup [as project] (C:\Users\asaga\AppData\Roaming\npm\node_modules\firebase-tools\lib\init\features\project.js:87:27)
    at async init (C:\Users\asaga\AppData\Roaming\npm\node_modules\firebase-tools\lib\init\index.js:19:9)
[error] 
[error] Error: Failed to list Firebase projects. See firebase-debug.log for more info.
